27/06/2021 13:06:06- SIMPLES -Abrindo conexão. Banco: C:\Users\Milena\Documents\Visual Studio 2015\Projects\SubirServidor\SubirServidor\bin\Debug\db.config
27/06/2021 13:06:14- SIMPLES -Erro: O servidor remoto retornou um erro: (550) Arquivo não disponível (isto é, arquivo não encontrado, sem acesso).
27/06/2021 13:06:16- SIMPLES -Erro: O servidor remoto retornou um erro: (550) Arquivo não disponível (isto é, arquivo não encontrado, sem acesso).
27/06/2021 13:06:18- SIMPLES -Erro: O servidor remoto retornou um erro: (550) Arquivo não disponível (isto é, arquivo não encontrado, sem acesso).
27/06/2021 13:06:20- SIMPLES -Erro: O servidor remoto retornou um erro: (550) Arquivo não disponível (isto é, arquivo não encontrado, sem acesso).
27/06/2021 13:06:22- SIMPLES -Erro: O servidor remoto retornou um erro: (550) Arquivo não disponível (isto é, arquivo não encontrado, sem acesso).
27/06/2021 13:06:24- SIMPLES -Erro: O servidor remoto retornou um erro: (550) Arquivo não disponível (isto é, arquivo não encontrado, sem acesso).
27/06/2021 13:06:26- SIMPLES -Erro: O servidor remoto retornou um erro: (550) Arquivo não disponível (isto é, arquivo não encontrado, sem acesso).
27/06/2021 13:06:28- SIMPLES -Erro: O servidor remoto retornou um erro: (550) Arquivo não disponível (isto é, arquivo não encontrado, sem acesso).
27/06/2021 13:06:31- SIMPLES -Erro: O servidor remoto retornou um erro: (550) Arquivo não disponível (isto é, arquivo não encontrado, sem acesso).
27/06/2021 13:06:40- SIMPLES --------------------------------------------Finalizando Sistema-------------------------------------------
27/06/2021 13:17:36- SIMPLES --------------------------------------------Iniciando Sistema-------------------------------------------
27/06/2021 13:17:37- SIMPLES -Abrindo conexão. Banco: C:\Users\Milena\Documents\Visual Studio 2015\Projects\SubirServidor\SubirServidor\bin\Debug\db.config
27/06/2021 13:17:46- SIMPLES -Erro: O servidor remoto retornou um erro: (550) Arquivo não disponível (isto é, arquivo não encontrado, sem acesso).
27/06/2021 13:17:48- SIMPLES -Erro: O servidor remoto retornou um erro: (550) Arquivo não disponível (isto é, arquivo não encontrado, sem acesso).
27/06/2021 13:17:51- SIMPLES -Erro: O servidor remoto retornou um erro: (550) Arquivo não disponível (isto é, arquivo não encontrado, sem acesso).
27/06/2021 13:17:53- SIMPLES -Erro: O servidor remoto retornou um erro: (550) Arquivo não disponível (isto é, arquivo não encontrado, sem acesso).
27/06/2021 13:17:55- SIMPLES -Erro: O servidor remoto retornou um erro: (550) Arquivo não disponível (isto é, arquivo não encontrado, sem acesso).
27/06/2021 13:17:57- SIMPLES -Erro: O servidor remoto retornou um erro: (550) Arquivo não disponível (isto é, arquivo não encontrado, sem acesso).
27/06/2021 13:17:59- SIMPLES -Erro: O servidor remoto retornou um erro: (550) Arquivo não disponível (isto é, arquivo não encontrado, sem acesso).
27/06/2021 13:18:01- SIMPLES -Erro: O servidor remoto retornou um erro: (550) Arquivo não disponível (isto é, arquivo não encontrado, sem acesso).
27/06/2021 13:18:04- SIMPLES -Erro: O servidor remoto retornou um erro: (550) Arquivo não disponível (isto é, arquivo não encontrado, sem acesso).
27/06/2021 13:18:14- SIMPLES --------------------------------------------Finalizando Sistema-------------------------------------------
27/06/2021 13:19:01- SIMPLES --------------------------------------------Iniciando Sistema-------------------------------------------
27/06/2021 13:19:01- SIMPLES -Abrindo conexão. Banco: C:\Users\Milena\Documents\Visual Studio 2015\Projects\SubirServidor\SubirServidor\bin\Debug\db.config
27/06/2021 13:19:10- SIMPLES -Erro: O servidor remoto retornou um erro: (550) Arquivo não disponível (isto é, arquivo não encontrado, sem acesso).
27/06/2021 13:19:12- SIMPLES -Erro: O servidor remoto retornou um erro: (550) Arquivo não disponível (isto é, arquivo não encontrado, sem acesso).
27/06/2021 13:19:14- SIMPLES -Erro: O servidor remoto retornou um erro: (550) Arquivo não disponível (isto é, arquivo não encontrado, sem acesso).
27/06/2021 13:19:16- SIMPLES -Erro: O servidor remoto retornou um erro: (550) Arquivo não disponível (isto é, arquivo não encontrado, sem acesso).
27/06/2021 13:19:19- SIMPLES -Erro: O servidor remoto retornou um erro: (550) Arquivo não disponível (isto é, arquivo não encontrado, sem acesso).
27/06/2021 13:19:21- SIMPLES -Erro: O servidor remoto retornou um erro: (550) Arquivo não disponível (isto é, arquivo não encontrado, sem acesso).
27/06/2021 13:19:23- SIMPLES -Erro: O servidor remoto retornou um erro: (550) Arquivo não disponível (isto é, arquivo não encontrado, sem acesso).
27/06/2021 13:19:25- SIMPLES -Erro: O servidor remoto retornou um erro: (550) Arquivo não disponível (isto é, arquivo não encontrado, sem acesso).
27/06/2021 13:19:27- SIMPLES -Erro: O servidor remoto retornou um erro: (550) Arquivo não disponível (isto é, arquivo não encontrado, sem acesso).
27/06/2021 13:20:29- SIMPLES --------------------------------------------Finalizando Sistema-------------------------------------------
27/06/2021 13:21:18- SIMPLES --------------------------------------------Iniciando Sistema-------------------------------------------
27/06/2021 13:21:19- SIMPLES -Abrindo conexão. Banco: C:\Users\Milena\Documents\Visual Studio 2015\Projects\SubirServidor\SubirServidor\bin\Debug\db.config
27/06/2021 13:21:28- SIMPLES -Erro: O servidor remoto retornou um erro: (550) Arquivo não disponível (isto é, arquivo não encontrado, sem acesso).
27/06/2021 13:21:30- SIMPLES -Erro: O servidor remoto retornou um erro: (550) Arquivo não disponível (isto é, arquivo não encontrado, sem acesso).
27/06/2021 13:21:33- SIMPLES -Erro: O servidor remoto retornou um erro: (550) Arquivo não disponível (isto é, arquivo não encontrado, sem acesso).
27/06/2021 13:21:35- SIMPLES -Erro: O servidor remoto retornou um erro: (550) Arquivo não disponível (isto é, arquivo não encontrado, sem acesso).
27/06/2021 13:21:37- SIMPLES -Erro: O servidor remoto retornou um erro: (550) Arquivo não disponível (isto é, arquivo não encontrado, sem acesso).
27/06/2021 13:21:39- SIMPLES -Erro: O servidor remoto retornou um erro: (550) Arquivo não disponível (isto é, arquivo não encontrado, sem acesso).
27/06/2021 13:21:41- SIMPLES -Erro: O servidor remoto retornou um erro: (550) Arquivo não disponível (isto é, arquivo não encontrado, sem acesso).
27/06/2021 13:21:44- SIMPLES -Erro: O servidor remoto retornou um erro: (550) Arquivo não disponível (isto é, arquivo não encontrado, sem acesso).
27/06/2021 13:21:46- SIMPLES -Erro: O servidor remoto retornou um erro: (550) Arquivo não disponível (isto é, arquivo não encontrado, sem acesso).
27/06/2021 13:22:13- SIMPLES --------------------------------------------Finalizando Sistema-------------------------------------------
27/06/2021 13:22:48- SIMPLES --------------------------------------------Iniciando Sistema-------------------------------------------
27/06/2021 13:22:48- SIMPLES -Abrindo conexão. Banco: C:\Users\Milena\Documents\Visual Studio 2015\Projects\SubirServidor\SubirServidor\bin\Debug\db.config
27/06/2021 13:23:30- SIMPLES --------------------------------------------Iniciando Sistema-------------------------------------------
27/06/2021 13:23:30- SIMPLES -Abrindo conexão. Banco: C:\Users\Milena\Documents\Visual Studio 2015\Projects\SubirServidor\SubirServidor\bin\Debug\db.config
27/06/2021 13:25:06- SIMPLES -Error: O índice estava fora dos limites da matriz.
27/06/2021 13:25:06- SIMPLES --------------------------------------------Finalizando Sistema-------------------------------------------
27/06/2021 13:25:12- SIMPLES --------------------------------------------Iniciando Sistema-------------------------------------------
27/06/2021 13:25:13- SIMPLES -Abrindo conexão. Banco: C:\Users\Milena\Documents\Visual Studio 2015\Projects\SubirServidor\SubirServidor\bin\Debug\db.config
27/06/2021 13:25:14- SIMPLES -Error: O índice estava fora dos limites da matriz.
27/06/2021 13:25:14- SIMPLES --------------------------------------------Finalizando Sistema-------------------------------------------
27/06/2021 13:25:31- SIMPLES --------------------------------------------Iniciando Sistema-------------------------------------------
27/06/2021 13:25:31- SIMPLES -Abrindo conexão. Banco: C:\Users\Milena\Documents\Visual Studio 2015\Projects\SubirServidor\SubirServidor\bin\Debug\db.config
27/06/2021 13:26:07- SIMPLES --------------------------------------------Iniciando Sistema-------------------------------------------
27/06/2021 13:26:07- SIMPLES -Abrindo conexão. Banco: C:\Users\Milena\Documents\Visual Studio 2015\Projects\SubirServidor\SubirServidor\bin\Debug\db.config
27/06/2021 13:26:24- SIMPLES --------------------------------------------Iniciando Sistema-------------------------------------------
27/06/2021 13:26:24- SIMPLES -Abrindo conexão. Banco: C:\Users\Milena\Documents\Visual Studio 2015\Projects\SubirServidor\SubirServidor\bin\Debug\db.config
27/06/2021 13:27:23- SIMPLES --------------------------------------------Iniciando Sistema-------------------------------------------
27/06/2021 13:27:23- SIMPLES -Abrindo conexão. Banco: C:\Users\Milena\Documents\Visual Studio 2015\Projects\SubirServidor\SubirServidor\bin\Debug\db.config
27/06/2021 13:42:37- SIMPLES --------------------------------------------Iniciando Sistema-------------------------------------------
27/06/2021 13:42:37- SIMPLES -Abrindo conexão. Banco: C:\Users\Milena\Documents\Visual Studio 2015\Projects\SubirServidor\SubirServidor\bin\Debug\db.config
27/06/2021 13:42:39- SIMPLES --------------------------------------------Finalizando Sistema-------------------------------------------
27/06/2021 13:42:55- SIMPLES --------------------------------------------Iniciando Sistema-------------------------------------------
27/06/2021 13:42:55- SIMPLES -Abrindo conexão. Banco: C:\Users\Milena\Documents\Visual Studio 2015\Projects\SubirServidor\SubirServidor\bin\Debug\db.config
27/06/2021 13:43:19- SIMPLES -Problem on the sentence. Sentence: SELECT 1 FROM ArquivosServidor. Erro: SQL logic error
no such table: ArquivosServidor
27/06/2021 13:43:19- SIMPLES -Problem on the sentence. Sentence: SELECT 1 FROM ArquivosServidor. Erro: SQL logic error
no such table: ArquivosServidor
27/06/2021 13:43:19- SIMPLES -Problem on the sentence. Sentence:  SELECT CODIGO, NOMEARQUIVO, DIRETORIOORIGEM, CAMINHODESTINO, STATUSCOPIA FROM ArquivosServidor WHERE NOMEARQUIVO = deia processo 1.png AND CAMINHODESTINO = 1. Erro: SQL logic error
near "processo": syntax error
27/06/2021 13:43:19- SIMPLES -ErroReferência de objeto não definida para uma instância de um objeto.
27/06/2021 13:43:28- SIMPLES -Error: Referência de objeto não definida para uma instância de um objeto.
27/06/2021 13:43:28- SIMPLES --------------------------------------------Finalizando Sistema-------------------------------------------
27/06/2021 13:43:35- SIMPLES --------------------------------------------Iniciando Sistema-------------------------------------------
27/06/2021 13:43:35- SIMPLES -Abrindo conexão. Banco: C:\Users\Milena\Documents\Visual Studio 2015\Projects\SubirServidor\SubirServidor\bin\Debug\db.config
27/06/2021 13:43:48- SIMPLES -Problem on the sentence. Sentence:  SELECT CODIGO, NOMEARQUIVO, DIRETORIOORIGEM, CAMINHODESTINO, STATUSCOPIA FROM ArquivosServidor WHERE NOMEARQUIVO = deia processo 1.png AND CAMINHODESTINO = 0. Erro: SQL logic error
near "processo": syntax error
27/06/2021 13:43:58- SIMPLES --------------------------------------------Iniciando Sistema-------------------------------------------
27/06/2021 13:43:58- SIMPLES -Abrindo conexão. Banco: C:\Users\Milena\Documents\Visual Studio 2015\Projects\SubirServidor\SubirServidor\bin\Debug\db.config
27/06/2021 13:44:30- SIMPLES --------------------------------------------Iniciando Sistema-------------------------------------------
27/06/2021 13:44:30- SIMPLES -Abrindo conexão. Banco: C:\Users\Milena\Documents\Visual Studio 2015\Projects\SubirServidor\SubirServidor\bin\Debug\db.config
27/06/2021 13:45:31- SIMPLES --------------------------------------------Finalizando Sistema-------------------------------------------
27/06/2021 13:45:54- SIMPLES --------------------------------------------Iniciando Sistema-------------------------------------------
27/06/2021 13:45:54- SIMPLES -Abrindo conexão. Banco: C:\Users\Milena\Documents\Visual Studio 2015\Projects\SubirServidor\SubirServidor\bin\Debug\db.config
27/06/2021 13:46:24- SIMPLES --------------------------------------------Finalizando Sistema-------------------------------------------
27/06/2021 13:46:28- SIMPLES --------------------------------------------Iniciando Sistema-------------------------------------------
27/06/2021 13:46:28- SIMPLES -Abrindo conexão. Banco: C:\Users\Milena\Documents\Visual Studio 2015\Projects\SubirServidor\SubirServidor\bin\Debug\db.config
27/06/2021 13:46:35- SIMPLES --------------------------------------------Finalizando Sistema-------------------------------------------
27/06/2021 13:57:41- SIMPLES --------------------------------------------Iniciando Sistema-------------------------------------------
27/06/2021 13:57:41- SIMPLES -Abrindo conexão. Banco: C:\Users\Milena\Documents\Visual Studio 2015\Projects\SubirServidor\SubirServidor\bin\Debug\db.config
27/06/2021 14:05:07- SIMPLES -Erro: A conexão subjacente estava fechada: Erro inesperado em um recebimento.
27/06/2021 14:07:49- SIMPLES -Erro: A conexão subjacente estava fechada: Erro inesperado em um recebimento.
27/06/2021 14:11:06- SIMPLES -Erro: A conexão subjacente estava fechada: Erro inesperado em um recebimento.
27/06/2021 14:13:18- SIMPLES -Erro: A conexão subjacente estava fechada: Erro inesperado em um recebimento.
27/06/2021 14:21:43- SIMPLES -Erro: A conexão subjacente estava fechada: Erro inesperado em um recebimento.
27/06/2021 14:31:39- SIMPLES -Erro: A conexão subjacente estava fechada: Erro inesperado em um recebimento.
27/06/2021 14:51:42- SIMPLES -Erro: A conexão subjacente estava fechada: Erro inesperado em um recebimento.
27/06/2021 14:53:59- SIMPLES -Erro: A conexão subjacente estava fechada: Erro inesperado em um recebimento.
27/06/2021 14:58:03- SIMPLES -Erro: A conexão subjacente estava fechada: Erro inesperado em um recebimento.
27/06/2021 15:03:32- SIMPLES -Erro: A conexão subjacente estava fechada: Erro inesperado em um recebimento.
27/06/2021 15:05:53- SIMPLES -Erro: A conexão subjacente estava fechada: Erro inesperado em um recebimento.
27/06/2021 15:13:34- SIMPLES -Erro: A conexão subjacente estava fechada: Erro inesperado em um recebimento.
27/06/2021 15:16:06- SIMPLES -Erro: A conexão subjacente estava fechada: Erro inesperado em um recebimento.
27/06/2021 15:18:24- SIMPLES -Erro: A conexão subjacente estava fechada: Erro inesperado em um recebimento.
27/06/2021 15:26:13- SIMPLES -Erro: A conexão subjacente estava fechada: Erro inesperado em um recebimento.
27/06/2021 15:28:21- SIMPLES -Erro: A conexão subjacente estava fechada: Erro inesperado em um recebimento.
27/06/2021 15:30:35- SIMPLES -Erro: A conexão subjacente estava fechada: Erro inesperado em um recebimento.
27/06/2021 15:33:03- SIMPLES -Erro: A conexão subjacente estava fechada: Erro inesperado em um recebimento.
27/06/2021 15:35:11- SIMPLES -Erro: A conexão subjacente estava fechada: Erro inesperado em um recebimento.
27/06/2021 15:37:33- SIMPLES -Erro: A conexão subjacente estava fechada: Erro inesperado em um recebimento.
27/06/2021 15:39:59- SIMPLES -Erro: A conexão subjacente estava fechada: Erro inesperado em um recebimento.
27/06/2021 15:43:50- SIMPLES -Erro: A conexão subjacente estava fechada: Erro inesperado em um recebimento.
27/06/2021 15:46:51- SIMPLES -Erro: A conexão subjacente estava fechada: Erro inesperado em um recebimento.
27/06/2021 19:36:56- SIMPLES --------------------------------------------Finalizando Sistema-------------------------------------------
